<?xml version="1.0" encoding="UTF-8"?>
<testng-results ignored="0" total="7" passed="6" failed="1" skipped="0">
  <reporter-output>
  </reporter-output>
  <suite started-at="2024-09-22T20:00:29 IST" name="Default suite" finished-at="2024-09-22T20:01:09 IST" duration-ms="39958">
    <groups>
    </groups>
    <test started-at="2024-09-22T20:00:29 IST" name="Default test" finished-at="2024-09-22T20:01:09 IST" duration-ms="39958">
      <class name="Tests.Menu">
        <test-method signature="new12()[pri:0, instance:Tests.Menu@4e7912d8]" started-at="2024-09-22T20:00:29 IST" name="new12" finished-at="2024-09-22T20:00:29 IST" duration-ms="10" status="PASS">
          <reporter-output>
          </reporter-output>
        </test-method> <!-- new12 -->
      </class> <!-- Tests.Menu -->
      <class name="Tests.Events">
        <test-method signature="new12()[pri:0, instance:Tests.Events@44821a96]" started-at="2024-09-22T20:00:29 IST" name="new12" finished-at="2024-09-22T20:00:29 IST" duration-ms="2" status="PASS">
          <reporter-output>
          </reporter-output>
        </test-method> <!-- new12 -->
      </class> <!-- Tests.Events -->
      <class name="Tests.settings">
        <test-method signature="new12()[pri:0, instance:Tests.settings@a3d8174]" started-at="2024-09-22T20:00:29 IST" name="new12" finished-at="2024-09-22T20:00:29 IST" duration-ms="2" status="PASS">
          <reporter-output>
          </reporter-output>
        </test-method> <!-- new12 -->
      </class> <!-- Tests.settings -->
      <class name="Tests.Gallery">
        <test-method signature="new12()[pri:0, instance:Tests.Gallery@4d02f94e]" started-at="2024-09-22T20:00:29 IST" name="new12" finished-at="2024-09-22T20:00:29 IST" duration-ms="1" status="PASS">
          <reporter-output>
          </reporter-output>
        </test-method> <!-- new12 -->
      </class> <!-- Tests.Gallery -->
      <class name="Tests.LiveView">
        <test-method signature="new12()[pri:0, instance:Tests.LiveView@ea6147e]" started-at="2024-09-22T20:00:29 IST" name="new12" finished-at="2024-09-22T20:00:29 IST" duration-ms="1" status="PASS">
          <reporter-output>
          </reporter-output>
        </test-method> <!-- new12 -->
      </class> <!-- Tests.LiveView -->
      <class name="Tests.OnBoarding">
        <test-method is-config="true" signature="setUp()[pri:0, instance:Tests.OnBoarding@1e683a3e]" started-at="2024-09-22T20:00:29 IST" name="setUp" finished-at="2024-09-22T20:00:40 IST" duration-ms="11124" status="PASS">
          <reporter-output>
          </reporter-output>
        </test-method> <!-- setUp -->
        <test-method signature="testLogin()[pri:0, instance:Tests.OnBoarding@1e683a3e]" started-at="2024-09-22T20:00:40 IST" name="testLogin" finished-at="2024-09-22T20:01:08 IST" duration-ms="28353" status="FAIL">
          <exception class="org.openqa.selenium.NoSuchElementException">
            <message>
              <![CDATA[An element could not be located on the page using the given search parameters.
For documentation on this error, please visit: https://www.selenium.dev/documentation/webdriver/troubleshooting/errors#no-such-element-exception
Build info: version: '4.25.0', revision: '8a8aea2337'
System info: os.name: 'Windows 10', os.arch: 'amd64', os.version: '10.0', java.version: '23'
Driver info: io.appium.java_client.android.AndroidDriver
Command: [1c9c171f-22d6-45b4-b50a-dbe2c873c5da, findElement {value=new UiSelector().text("Pioneer_H120SC_c539"), using=-android uiautomator}]
Capabilities {appium:app: C:\application\app-release1..., appium:appPackage: com.pioneer.pioneer_dashcam..., appium:automationName: UiAutomator2, appium:databaseEnabled: false, appium:desired: {app: C:\application\app-release1..., automationName: UiAutomator2, deviceName: ZA222JX8DZ, newCommandTimeout: 3600, platformName: ANDROID, platformVersion: 14}, appium:deviceApiLevel: 34, appium:deviceManufacturer: motorola, appium:deviceModel: moto g34 5G, appium:deviceName: ZA222JX8DZ, appium:deviceScreenDensity: 280, appium:deviceScreenSize: 720x1600, appium:deviceUDID: ZA222JX8DZ, appium:javascriptEnabled: true, appium:locationContextEnabled: false, appium:networkConnectionEnabled: true, appium:newCommandTimeout: 3600, appium:pixelRatio: 1.75, appium:platformVersion: 14, appium:statBarHeight: 77, appium:takesScreenshot: true, appium:viewportRect: {height: 1523, left: 0, top: 77, width: 720}, appium:warnings: {}, appium:webStorageEnabled: false, platformName: ANDROID}
Session ID: 1c9c171f-22d6-45b4-b50a-dbe2c873c5da]]>
            </message>
            <full-stacktrace>
              <![CDATA[org.openqa.selenium.NoSuchElementException: An element could not be located on the page using the given search parameters.
For documentation on this error, please visit: https://www.selenium.dev/documentation/webdriver/troubleshooting/errors#no-such-element-exception
Build info: version: '4.25.0', revision: '8a8aea2337'
System info: os.name: 'Windows 10', os.arch: 'amd64', os.version: '10.0', java.version: '23'
Driver info: io.appium.java_client.android.AndroidDriver
Command: [1c9c171f-22d6-45b4-b50a-dbe2c873c5da, findElement {value=new UiSelector().text("Pioneer_H120SC_c539"), using=-android uiautomator}]
Capabilities {appium:app: C:\application\app-release1..., appium:appPackage: com.pioneer.pioneer_dashcam..., appium:automationName: UiAutomator2, appium:databaseEnabled: false, appium:desired: {app: C:\application\app-release1..., automationName: UiAutomator2, deviceName: ZA222JX8DZ, newCommandTimeout: 3600, platformName: ANDROID, platformVersion: 14}, appium:deviceApiLevel: 34, appium:deviceManufacturer: motorola, appium:deviceModel: moto g34 5G, appium:deviceName: ZA222JX8DZ, appium:deviceScreenDensity: 280, appium:deviceScreenSize: 720x1600, appium:deviceUDID: ZA222JX8DZ, appium:javascriptEnabled: true, appium:locationContextEnabled: false, appium:networkConnectionEnabled: true, appium:newCommandTimeout: 3600, appium:pixelRatio: 1.75, appium:platformVersion: 14, appium:statBarHeight: 77, appium:takesScreenshot: true, appium:viewportRect: {height: 1523, left: 0, top: 77, width: 720}, appium:warnings: {}, appium:webStorageEnabled: false, platformName: ANDROID}
Session ID: 1c9c171f-22d6-45b4-b50a-dbe2c873c5da
at java.base/jdk.internal.reflect.DirectConstructorHandleAccessor.newInstance(DirectConstructorHandleAccessor.java:62)
at java.base/java.lang.reflect.Constructor.newInstanceWithCaller(Constructor.java:501)
at java.base/java.lang.reflect.Constructor.newInstance(Constructor.java:485)
at org.openqa.selenium.remote.ErrorCodec.decode(ErrorCodec.java:167)
at org.openqa.selenium.remote.codec.w3c.W3CHttpResponseCodec.decode(W3CHttpResponseCodec.java:138)
at org.openqa.selenium.remote.codec.w3c.W3CHttpResponseCodec.decode(W3CHttpResponseCodec.java:50)
at org.openqa.selenium.remote.HttpCommandExecutor.execute(HttpCommandExecutor.java:190)
at io.appium.java_client.remote.AppiumCommandExecutor.execute(AppiumCommandExecutor.java:237)
at org.openqa.selenium.remote.RemoteWebDriver.execute(RemoteWebDriver.java:545)
at org.openqa.selenium.remote.ElementLocation$ElementFinder$2.findElement(ElementLocation.java:165)
at org.openqa.selenium.remote.ElementLocation.findElement(ElementLocation.java:59)
at org.openqa.selenium.remote.RemoteWebDriver.findElement(RemoteWebDriver.java:368)
at org.openqa.selenium.remote.RemoteWebDriver.findElement(RemoteWebDriver.java:362)
at Tests.OnBoarding.testLogin(OnBoarding.java:30)
at java.base/jdk.internal.reflect.DirectMethodHandleAccessor.invoke(DirectMethodHandleAccessor.java:103)
at java.base/java.lang.reflect.Method.invoke(Method.java:580)
at org.testng.internal.invokers.MethodInvocationHelper.invokeMethod(MethodInvocationHelper.java:141)
at org.testng.internal.invokers.TestInvoker.invokeMethod(TestInvoker.java:686)
at org.testng.internal.invokers.TestInvoker.invokeTestMethod(TestInvoker.java:230)
at org.testng.internal.invokers.MethodRunner.runInSequence(MethodRunner.java:63)
at org.testng.internal.invokers.TestInvoker$MethodInvocationAgent.invoke(TestInvoker.java:992)
at org.testng.internal.invokers.TestInvoker.invokeTestMethods(TestInvoker.java:203)
at org.testng.internal.invokers.TestMethodWorker.invokeTestMethods(TestMethodWorker.java:154)
at org.testng.internal.invokers.TestMethodWorker.run(TestMethodWorker.java:134)
at java.base/java.util.ArrayList.forEach(ArrayList.java:1597)
at org.testng.TestRunner.privateRun(TestRunner.java:739)
at org.testng.TestRunner.run(TestRunner.java:614)
at org.testng.SuiteRunner.runTest(SuiteRunner.java:421)
at org.testng.SuiteRunner.runSequentially(SuiteRunner.java:413)
at org.testng.SuiteRunner.privateRun(SuiteRunner.java:373)
at org.testng.SuiteRunner.run(SuiteRunner.java:312)
at org.testng.SuiteRunnerWorker.runSuite(SuiteRunnerWorker.java:52)
at org.testng.SuiteRunnerWorker.run(SuiteRunnerWorker.java:95)
at org.testng.TestNG.runSuitesSequentially(TestNG.java:1274)
at org.testng.TestNG.runSuitesLocally(TestNG.java:1208)
at org.testng.TestNG.runSuites(TestNG.java:1112)
at org.testng.TestNG.run(TestNG.java:1079)
at org.testng.remote.AbstractRemoteTestNG.run(AbstractRemoteTestNG.java:115)
at org.testng.remote.RemoteTestNG.initAndRun(RemoteTestNG.java:293)
at org.testng.remote.RemoteTestNG.main(RemoteTestNG.java:91)
]]>
            </full-stacktrace>
          </exception> <!-- org.openqa.selenium.NoSuchElementException -->
          <reporter-output>
          </reporter-output>
        </test-method> <!-- testLogin -->
        <test-method is-config="true" signature="tearDown()[pri:0, instance:Tests.OnBoarding@1e683a3e]" started-at="2024-09-22T20:01:08 IST" name="tearDown" finished-at="2024-09-22T20:01:09 IST" duration-ms="402" status="PASS">
          <reporter-output>
          </reporter-output>
        </test-method> <!-- tearDown -->
      </class> <!-- Tests.OnBoarding -->
      <class name="Tests.Fota">
        <test-method signature="new12()[pri:0, instance:Tests.Fota@2b48a640]" started-at="2024-09-22T20:00:29 IST" name="new12" finished-at="2024-09-22T20:00:29 IST" duration-ms="2" status="PASS">
          <reporter-output>
          </reporter-output>
        </test-method> <!-- new12 -->
      </class> <!-- Tests.Fota -->
    </test> <!-- Default test -->
  </suite> <!-- Default suite -->
</testng-results>
